***********************64 users*****************************
frame 1:  query 1(0.007823) query 2(0.008232) query 3(0.007649)
frame 2:  query 1(0.000208)
frame 3:  query 1(0.000179) query 2(0.008007) query 3(0.000340) query 4(0.007198) query 5(0.007377) query 6(0.007196) query 7(0.007081) query 8(0.008369) query 9(0.010377) query 10(0.007758) query 11(0.011092) query 12(0.009059) query 13(0.007004) query 14(0.006427) query 15(0.006130) query 16(0.006315)
frame 4:  query 1(0.006518) query 2(0.006232) query 3(0.020568) query 4(0.004504) query 5(0.011955)
frame 5:
frame 6:
-----------variance------
frame 1:  query 1(0.000013) query 2(0.000023) query 3(0.000027)
frame 2:  query 1(0.000000)
frame 3:  query 1(0.000000) query 2(0.000013) query 3(0.000001) query 4(0.000010) query 5(0.000030) query 6(0.000011) query 7(0.000014) query 8(0.000068) query 9(0.000610) query 10(0.000044) query 11(0.000526) query 12(0.000012) query 13(0.000011) query 14(0.000010) query 15(0.000010) query 16(0.000013)
frame 4:  query 1(0.000897) query 2(0.000011) query 3(0.003064) query 4(0.000397) query 5(0.002796)
frame 5:
frame 6:
-----------max------
frame 1:  query 1(0.025163) query 2(0.083514) query 3(0.109811)
frame 2:  query 1(0.005283)
frame 3:  query 1(0.001447) query 2(0.021500) query 3(0.009249) query 4(0.018474) query 5(0.101933) query 6(0.021660) query 7(0.046334) query 8(0.066476) query 9(0.232823) query 10(0.053045) query 11(0.191960) query 12(0.018500) query 13(0.018066) query 14(0.022260) query 15(0.011909) query 16(0.014940)
frame 4:  query 1(0.403326) query 2(0.018404) query 3(0.418086) query 4(0.159604) query 5(0.552562)
frame 5:
frame 6:
--------
avg txn time: 0.119904

***********************1 user********************************
frame 1:  query 1(0.000146) query 2(0.000137) query 3(0.000121)
frame 2:  query 1(0.000130)
frame 3:  query 1(0.000150) query 2(0.000184) query 3(0.000119) query 4(0.000119) query 5(0.000121) query 6(0.000122) query 7(0.000137) query 8(0.000270) query 9(0.000268) query 10(0.000311) query 11(0.000365) query 12(0.001468) query 13(0.000210) query 14(0.000131) query 15(0.000116) query 16(0.000307)
frame 4:  query 1(0.000250) query 2(0.000106) query 3(0.001417) query 4(0.001759) query 5(0.000509)
frame 5:
frame 6:
-----------variance------
frame 1:  query 1(0.000000) query 2(0.000000) query 3(0.000000)
frame 2:  query 1(0.000000)
frame 3:  query 1(0.000000) query 2(0.000000) query 3(0.000000) query 4(0.000000) query 5(0.000000) query 6(0.000000) query 7(0.000000) query 8(0.000000) query 9(0.000000) query 10(0.000003) query 11(0.000011) query 12(0.000000) query 13(0.000000) query 14(0.000000) query 15(0.000000) query 16(0.000006)
frame 4:  query 1(0.000019) query 2(0.000000) query 3(0.000151) query 4(0.000198) query 5(0.000063)
frame 5:
frame 6:
-----------max------
frame 1:  query 1(0.004584) query 2(0.002612) query 3(0.003309)
frame 2:  query 1(0.002963)
frame 3:  query 1(0.001456) query 2(0.001768) query 3(0.002004) query 4(0.001416) query 5(0.002561) query 6(0.002632) query 7(0.001852) query 8(0.002203) query 9(0.001587) query 10(0.073790) query 11(0.157713) query 12(0.003583) query 13(0.004198) query 14(0.001849) query 15(0.001035) query 16(0.104246)
frame 4:  query 1(0.346617) query 2(0.002168) query 3(0.355554) query 4(0.393038) query 5(0.618768)
frame 5:
frame 6:
--------
avg txn time: 0.005385

**********************64 users***************with only TradeOrder*******
frame 1:  query 1(0.002768) query 2(0.002657) query 3(0.002592)
frame 2:  query 1(0.000165)
frame 3:  query 1(0.000157) query 2(0.002688) query 3(0.000258) query 4(0.002616) query 5(0.002282) query 6(0.002410) query 7(0.002621) query 8(0.002237) query 9(0.003193) query 10(0.002554) query 11(0.002703) query 12(0.004147) query 13(0.002640) query 14(0.002541) query 15(0.001917) query 16(0.002191)
frame 4:  query 1(0.004693) query 2(0.002493) query 3(0.007254) query 4(0.007105) query 5(0.002216)
frame 5:
frame 6:
-----------variance------
frame 1:  query 1(0.000002) query 2(0.000002) query 3(0.000002)
frame 2:  query 1(0.000000)
frame 3:  query 1(0.000000) query 2(0.000001) query 3(0.000000) query 4(0.000002) query 5(0.000001) query 6(0.000001) query 7(0.000001) query 8(0.000001) query 9(0.000004) query 10(0.000002) query 11(0.000002) query 12(0.000001) query 13(0.000002) query 14(0.000002) query 15(0.000002) query 16(0.000002)
frame 4:  query 1(0.000745) query 2(0.000001) query 3(0.000799) query 4(0.001857) query 5(0.000176)
frame 5:
frame 6:
-----------max------
frame 1:  query 1(0.008046) query 2(0.007575) query 3(0.007359)
frame 2:  query 1(0.000859)
frame 3:  query 1(0.000300) query 2(0.005122) query 3(0.002851) query 4(0.006557) query 5(0.004836) query 6(0.007365) query 7(0.006190) query 8(0.005148) query 9(0.007443) query 10(0.004713) query 11(0.005008) query 12(0.006349) query 13(0.006622) query 14(0.005533) query 15(0.004503) query 16(0.005150)
frame 4:  query 1(0.223095) query 2(0.005584) query 3(0.261013) query 4(0.329092) query 5(0.129869)
frame 5:
frame 6:
--------
avg txn time: 0.045921




*******************64 users***************mix*******profile TradeResult**********
frame 1:  query 1(0.007683) query 2(0.005251) query 3(0.004982)
frame 2:  query 1(0.004940) query 3(0.000401) query 4(0.005186) query 5(0.006240) query 8(0.032892) query 9(0.000183) query 10(0.008034) query 11(0.001977) query 12(0.000153) query 14(0.008714) query 15(0.005143) query 16(0.006344) query 21(0.010286) query 22(0.004195)
frame 3:
frame 4:  query 1(0.004986) query 2(0.004877) query 3(0.004865)
frame 5:  query 1(0.017534) query 2(0.012050) query 3(0.001953)
frame 6:  query 1(0.000163) query 2(0.000399) query 3(0.002943) query 4(0.004921)
-----------variance------
frame 1:  query 1(0.000521) query 2(0.000008) query 3(0.000006)
frame 2:  query 1(0.000007) query 3(0.000012) query 4(0.000007) query 5(0.000012) query 8(0.005341) query 9(0.000000) query 10(0.001006) query 11(0.000221) query 12(0.000000) query 14(0.018053) query 15(0.000008) query 16(0.000206) query 21(0.002402) query 22(0.000461)
frame 3:
frame 4:  query 1(0.000008) query 2(0.000007) query 3(0.000006)
frame 5:  query 1(0.022187) query 2(0.002146) query 3(0.000198)
frame 6:  query 1(0.000000) query 2(0.000006) query 3(0.000380) query 4(0.000005)
-----------max------
frame 1:  query 1(0.438896) query 2(0.021935) query 3(0.016181)
frame 2:  query 1(0.017253) query 3(0.054818) query 4(0.015822) query 5(0.021452) query 8(0.196306) query 9(0.000319) query 10(0.187903) query 11(0.148883) query 12(0.000178) query 14(2.137380) query 15(0.013710) query 16(0.145985) query 21(0.399696) query 22(0.135262)
frame 3:
frame 4:  query 1(0.015125) query 2(0.014477) query 3(0.011964)
frame 5:  query 1(2.161900) query 2(0.421839) query 3(0.173518)
frame 6:  query 1(0.002764) query 2(0.028551) query 3(0.185381) query 4(0.011619)
--------
avg txn time: 0.062734

abort rate is pretty high
